<?xml version="1.0" encoding="UTF-8"?>
<Site BuildName="Linux-c++"
	BuildStamp="20200604-1431-Experimental"
	Name="79b21fbfc3ca"
	Generator="ctest-3.10.2"
	CompilerName="/usr/bin/c++"
	CompilerVersion="9.3.0"
	OSName="Linux"
	Hostname="79b21fbfc3ca"
	OSRelease="4.9.125-linuxkit"
	OSVersion="#1 SMP Fri Sep 7 08:20:28 UTC 2018"
	OSPlatform="x86_64"
	Is64Bits="1"
	VendorString="GenuineIntel"
	VendorID="Intel Corporation"
	FamilyID="6"
	ModelID="70"
	ProcessorCacheSize="6144"
	NumberOfLogicalCPU="4"
	NumberOfPhysicalCPU="4"
	TotalVirtualMemory="1023"
	TotalPhysicalMemory="7973"
	LogicalProcessorsPerPhysical="1"
	ProcessorClockFrequency="2294.31"
	>
	<Testing>
		<StartDateTime>Jun 04 14:32 UTC</StartDateTime>
		<StartTestTime>1591281143</StartTestTime>
		<TestList/>
		<EndDateTime>Jun 04 14:32 UTC</EndDateTime>
		<EndTestTime>1591281143</EndTestTime>
		<ElapsedMinutes>0</ElapsedMinutes>
	</Testing>
</Site>
